<?xml version="1.0" encoding="UTF-8"?>
<testng-results ignored="0" total="1" passed="1" failed="0" skipped="0">
  <reporter-output>
  </reporter-output>
  <suite started-at="2022-04-19T00:13:25 CST" name="Default suite" finished-at="2022-04-19T00:14:19 CST" duration-ms="53843">
    <groups>
    </groups>
    <test started-at="2022-04-19T00:13:25 CST" name="Default test" finished-at="2022-04-19T00:14:19 CST" duration-ms="53843">
      <class name="Test.buscarCancion">
        <test-method is-config="true" signature="setUp()[pri:0, instance:Test.buscarCancion@703580bf]" started-at="2022-04-19T00:13:25 CST" name="setUp" finished-at="2022-04-19T00:13:33 CST" duration-ms="8582" status="PASS">
          <reporter-output>
          </reporter-output>
        </test-method> <!-- setUp -->
        <test-method signature="buscarCancionTest()[pri:0, instance:Test.buscarCancion@703580bf]" started-at="2022-04-19T00:13:33 CST" name="buscarCancionTest" finished-at="2022-04-19T00:14:15 CST" duration-ms="41471" status="PASS">
          <reporter-output>
          </reporter-output>
        </test-method> <!-- buscarCancionTest -->
        <test-method is-config="true" signature="tearDown()[pri:0, instance:Test.buscarCancion@703580bf]" started-at="2022-04-19T00:14:15 CST" name="tearDown" finished-at="2022-04-19T00:14:19 CST" duration-ms="3748" status="PASS">
          <reporter-output>
          </reporter-output>
        </test-method> <!-- tearDown -->
      </class> <!-- Test.buscarCancion -->
    </test> <!-- Default test -->
  </suite> <!-- Default suite -->
</testng-results>
